0 info it worked if it ends with ok
1 verbose cli [ 'node', '/usr/local/bin/npm', 'install', '-g', 'coffee-script' ]
2 info using npm@2.7.3
3 info using node@v0.12.1
4 silly cache add args [ 'coffee-script', null ]
5 verbose cache add spec coffee-script
6 silly cache add parsed spec { raw: 'coffee-script',
6 silly cache add   scope: null,
6 silly cache add   name: 'coffee-script',
6 silly cache add   rawSpec: '',
6 silly cache add   spec: '*',
6 silly cache add   type: 'range' }
7 verbose addNamed coffee-script@*
8 silly addNamed semver.valid null
9 silly addNamed semver.validRange *
10 silly addNameRange { name: 'coffee-script', range: '*', hasData: false }
11 silly mapToRegistry name coffee-script
12 silly mapToRegistry using default registry
13 silly mapToRegistry registry https://registry.npmjs.org/
14 silly mapToRegistry uri https://registry.npmjs.org/coffee-script
15 verbose addNameRange registry:https://registry.npmjs.org/coffee-script not in flight; fetching
16 verbose request uri https://registry.npmjs.org/coffee-script
17 verbose request no auth needed
18 info attempt registry request try #1 at 9:21:18 AM
19 verbose request id 79d26a775e4ca00d
20 verbose etag "9FUCDNPK1HNW13C3KFYK6RLJS"
21 http request GET https://registry.npmjs.org/coffee-script
22 http 304 https://registry.npmjs.org/coffee-script
23 silly get cb [ 304,
23 silly get   { date: 'Wed, 25 Mar 2015 08:21:18 GMT',
23 silly get     server: 'Apache',
23 silly get     via: '1.1 varnish',
23 silly get     'last-modified': 'Wed, 25 Mar 2015 08:20:55 GMT',
23 silly get     'cache-control': 'max-age=60',
23 silly get     etag: '"9FUCDNPK1HNW13C3KFYK6RLJS"',
23 silly get     age: '23',
23 silly get     'x-served-by': 'cache-fra1243-FRA',
23 silly get     'x-cache': 'HIT',
23 silly get     'x-cache-hits': '2',
23 silly get     'x-timer': 'S1427271678.478883,VS0,VE0',
23 silly get     vary: 'Accept',
23 silly get     'content-length': '0',
23 silly get     'keep-alive': 'timeout=10, max=50',
23 silly get     connection: 'Keep-Alive' } ]
24 verbose etag https://registry.npmjs.org/coffee-script from cache
25 verbose get saving coffee-script to /Users/maciek/.npm/registry.npmjs.org/coffee-script/.cache.json
26 silly addNameRange number 2 { name: 'coffee-script', range: '*', hasData: true }
27 silly addNameRange versions [ 'coffee-script',
27 silly addNameRange   [ '0.7.0',
27 silly addNameRange     '0.7.1',
27 silly addNameRange     '0.7.2',
27 silly addNameRange     '0.9.0',
27 silly addNameRange     '0.9.1',
27 silly addNameRange     '0.9.2',
27 silly addNameRange     '0.9.3',
27 silly addNameRange     '0.9.4',
27 silly addNameRange     '0.9.5',
27 silly addNameRange     '0.9.6',
27 silly addNameRange     '1.0.0',
27 silly addNameRange     '1.0.1',
27 silly addNameRange     '1.1.0',
27 silly addNameRange     '1.1.1',
27 silly addNameRange     '1.1.2',
27 silly addNameRange     '1.1.3',
27 silly addNameRange     '1.2.0',
27 silly addNameRange     '1.3.0',
27 silly addNameRange     '1.3.1',
27 silly addNameRange     '1.3.2',
27 silly addNameRange     '1.3.3',
27 silly addNameRange     '1.4.0',
27 silly addNameRange     '1.5.0',
27 silly addNameRange     '1.6.0',
27 silly addNameRange     '1.6.1',
27 silly addNameRange     '1.6.2',
27 silly addNameRange     '1.6.3',
27 silly addNameRange     '1.7.0',
27 silly addNameRange     '1.7.1',
27 silly addNameRange     '1.8.0',
27 silly addNameRange     '1.9.0',
27 silly addNameRange     '1.9.1' ] ]
28 verbose addNamed coffee-script@1.9.1
29 silly addNamed semver.valid 1.9.1
30 silly addNamed semver.validRange 1.9.1
31 silly cache afterAdd coffee-script@1.9.1
32 verbose afterAdd /Users/maciek/.npm/coffee-script/1.9.1/package/package.json not in flight; writing
33 verbose afterAdd /Users/maciek/.npm/coffee-script/1.9.1/package/package.json written
34 silly install resolved [ { name: 'coffee-script',
34 silly install resolved     description: 'Unfancy JavaScript',
34 silly install resolved     keywords: [ 'javascript', 'language', 'coffeescript', 'compiler' ],
34 silly install resolved     author: { name: 'Jeremy Ashkenas' },
34 silly install resolved     version: '1.9.1',
34 silly install resolved     license: 'MIT',
34 silly install resolved     engines: { node: '>=0.8.0' },
34 silly install resolved     directories: { lib: './lib/coffee-script' },
34 silly install resolved     main: './lib/coffee-script/coffee-script',
34 silly install resolved     bin: { coffee: './bin/coffee', cake: './bin/cake' },
34 silly install resolved     preferGlobal: true,
34 silly install resolved     scripts:
34 silly install resolved      { test: 'node ./bin/cake test',
34 silly install resolved        'test-harmony': 'node --harmony ./bin/cake test' },
34 silly install resolved     homepage: 'http://coffeescript.org',
34 silly install resolved     bugs: { url: 'https://github.com/jashkenas/coffeescript/issues' },
34 silly install resolved     repository:
34 silly install resolved      { type: 'git',
34 silly install resolved        url: 'git://github.com/jashkenas/coffeescript.git' },
34 silly install resolved     devDependencies:
34 silly install resolved      { 'uglify-js': '~2.2',
34 silly install resolved        jison: '>=0.2.0',
34 silly install resolved        'highlight.js': '~8.0.0',
34 silly install resolved        underscore: '~1.5.2',
34 silly install resolved        docco: '~0.7.0' },
34 silly install resolved     gitHead: '533ad8afe920b2dbf64ffb00efda45648242cc24',
34 silly install resolved     _id: 'coffee-script@1.9.1',
34 silly install resolved     _shasum: 'c458d02200f460d064a79cb6ab1ee6e2c9ca1c31',
34 silly install resolved     _from: 'coffee-script@*',
34 silly install resolved     _npmVersion: '1.4.28',
34 silly install resolved     _npmUser: { name: 'jashkenas', email: 'jashkenas@gmail.com' },
34 silly install resolved     maintainers: [ [Object], [Object] ],
34 silly install resolved     dist:
34 silly install resolved      { shasum: 'c458d02200f460d064a79cb6ab1ee6e2c9ca1c31',
34 silly install resolved        tarball: 'http://registry.npmjs.org/coffee-script/-/coffee-script-1.9.1.tgz' },
34 silly install resolved     _resolved: 'https://registry.npmjs.org/coffee-script/-/coffee-script-1.9.1.tgz',
34 silly install resolved     readme: 'ERROR: No README data found!' } ]
35 info install coffee-script@1.9.1 into /usr/local/lib
36 info installOne coffee-script@1.9.1
37 verbose installOne of coffee-script to /usr/local/lib not in flight; installing
38 warn locking Error: EACCES, open '/Users/maciek/.npm/_locks/coffee-script-7b01d0c2a8e2b5ed.lock'
38 warn locking     at Error (native)
38 warn locking  /Users/maciek/.npm/_locks/coffee-script-7b01d0c2a8e2b5ed.lock failed { [Error: EACCES, open '/Users/maciek/.npm/_locks/coffee-script-7b01d0c2a8e2b5ed.lock']
38 warn locking   errno: -13,
38 warn locking   code: 'EACCES',
38 warn locking   path: '/Users/maciek/.npm/_locks/coffee-script-7b01d0c2a8e2b5ed.lock' }
39 verbose stack Error: Attempt to unlock /usr/local/lib/node_modules/coffee-script, which hasn't been locked
39 verbose stack     at unlock (/usr/local/lib/node_modules/npm/lib/utils/locker.js:66:11)
39 verbose stack     at cb (/usr/local/lib/node_modules/npm/lib/install.js:1004:5)
39 verbose stack     at /usr/local/lib/node_modules/npm/lib/install.js:1008:20
39 verbose stack     at /usr/local/lib/node_modules/npm/lib/utils/locker.js:40:9
39 verbose stack     at cb (/usr/local/lib/node_modules/npm/node_modules/lockfile/lockfile.js:149:38)
39 verbose stack     at /usr/local/lib/node_modules/npm/node_modules/lockfile/lockfile.js:177:38
39 verbose stack     at FSReqWrap.oncomplete (fs.js:99:15)
40 verbose cwd /Users/maciek/Code/bookmarks_app
41 error Darwin 14.1.0
42 error argv "node" "/usr/local/bin/npm" "install" "-g" "coffee-script"
43 error node v0.12.1
44 error npm  v2.7.3
45 error Attempt to unlock /usr/local/lib/node_modules/coffee-script, which hasn't been locked
46 error If you need help, you may report this error at:
46 error     <https://github.com/npm/npm/issues>
47 verbose exit [ 1, true ]
